<?xml version="1.0" encoding="UTF-8"?>
<!-- Generated by org.testng.reporters.JUnitReportReporter -->
<testsuite skipped="0" hostname="ip-172-31-1-220" name="Test.LoginTest" tests="1" failures="0" timestamp="2021-02-23T05:05:45 UTC" time="5.163" errors="0">
  <testcase name="testcase1" time="5.163" classname="Test.LoginTest"/>
  <system-out/>
</testsuite> <!-- Test.LoginTest -->
